[1012/084942.304:ERROR:filesystem_win.cc(129)] GetFileAttributes C:\Users\Leuda\AppData\Local\Microsoft\Edge\User Data\Crashpad\attachments\2bc6d988-589e-4b11-b0c9-08e1053ca61e: O sistema não pode encontrar o caminho especificado. (0x3)
[1012/084942.326:ERROR:filesystem_win.cc(129)] GetFileAttributes C:\Users\Leuda\AppData\Local\Microsoft\Edge\User Data\Crashpad\attachments\48e5af58-0441-4f45-a2b6-fab8fe36d106: O sistema não pode encontrar o caminho especificado. (0x3)
[1012/084942.349:ERROR:directory_reader_win.cc(43)] FindFirstFile: O sistema não pode encontrar o caminho especificado. (0x3)
[1012/084942.382:ERROR:filesystem_win.cc(129)] GetFileAttributes C:\Users\Leuda\AppData\Local\Microsoft\Edge\User Data\Crashpad\attachments\16ec6d61-2ef0-4544-85d6-3c2b2d8b1d5b: O sistema não pode encontrar o caminho especificado. (0x3)
[1012/094328.974:ERROR:filesystem_win.cc(129)] GetFileAttributes C:\Users\Leuda\AppData\Local\Microsoft\Edge\User Data\Crashpad\attachments\2bb46db0-46c5-4c6f-8425-9d0489068f04: O sistema não pode encontrar o caminho especificado. (0x3)
[1012/094335.148:ERROR:filesystem_win.cc(129)] GetFileAttributes C:\Users\Leuda\AppData\Local\Microsoft\Edge\User Data\Crashpad\attachments\6c7b6e57-2d32-4c56-9b21-198086c1b95b: O sistema não pode encontrar o caminho especificado. (0x3)
[1012/094338.509:ERROR:filesystem_win.cc(129)] GetFileAttributes C:\Users\Leuda\AppData\Local\Microsoft\Edge\User Data\Crashpad\attachments\f188e8aa-19d2-49d0-b71f-923c9da3b51f: O sistema não pode encontrar o caminho especificado. (0x3)
[1012/094434.792:ERROR:minidumpwritedump_with_crashpad_info.cc(452)] Failed to call MiniDumpWriteDump: O arquivo de paginação é muito pequeno para que esta operação seja concluída. (0x800705AF)
[1012/094434.792:ERROR:minidumpwritedump_with_crashpad_info.cc(661)] Failed to write minidump file
[1012/094434.792:ERROR:crash_report_exception_handler.cc(134)] TryMiniDumpWriteDumpWithCrashpadInfo failed
[1012/102458.967:ERROR:directory_reader_win.cc(43)] FindFirstFile: O sistema não pode encontrar o caminho especificado. (0x3)
[1012/112654.790:ERROR:filesystem_win.cc(148)] DeleteFile C:\Users\Leuda\AppData\Local\Microsoft\Edge\User Data\Crashpad\reports\e18c8aac-76f1-4f77-a632-2800913bedd2.dmp: O arquivo já está sendo usado por outro processo. (0x20)
[1012/120709.349:ERROR:directory_reader_win.cc(43)] FindFirstFile: O sistema não pode encontrar o caminho especificado. (0x3)
[1012/123332.709:ERROR:filesystem_win.cc(129)] GetFileAttributes C:\Users\Leuda\AppData\Local\Microsoft\Edge\User Data\Crashpad\attachments\3b19a3e6-63ea-407a-b1f1-dbb6777a0920: O sistema não pode encontrar o caminho especificado. (0x3)
[1012/124332.649:ERROR:directory_reader_win.cc(43)] FindFirstFile: O sistema não pode encontrar o caminho especificado. (0x3)
[1012/143023.686:ERROR:filesystem_win.cc(129)] GetFileAttributes C:\Users\Leuda\AppData\Local\Microsoft\Edge\User Data\Crashpad\attachments\32767a52-3e63-4bbb-9df2-2ca92818f280: O sistema não pode encontrar o caminho especificado. (0x3)
[1012/143746.178:ERROR:filesystem_win.cc(129)] GetFileAttributes C:\Users\Leuda\AppData\Local\Microsoft\Edge\User Data\Crashpad\attachments\5a6c5861-720e-4766-b39a-35237bfa56d3: O sistema não pode encontrar o caminho especificado. (0x3)
[1012/143759.109:ERROR:filesystem_win.cc(129)] GetFileAttributes C:\Users\Leuda\AppData\Local\Microsoft\Edge\User Data\Crashpad\attachments\7335d411-f4c5-44f8-8f33-eff880bc8f81: O sistema não pode encontrar o caminho especificado. (0x3)
[1012/145827.942:ERROR:directory_reader_win.cc(43)] FindFirstFile: O sistema não pode encontrar o caminho especificado. (0x3)
[1012/145827.986:ERROR:filesystem_win.cc(129)] GetFileAttributes C:\Users\Leuda\AppData\Local\Microsoft\Edge\User Data\Crashpad\attachments\b4b9bec7-594b-46ef-a650-5b5912b32ade: O sistema não pode encontrar o caminho especificado. (0x3)
[1012/152802.132:ERROR:minidumpwritedump_with_crashpad_info.cc(452)] Failed to call MiniDumpWriteDump: Um dispositivo conectado ao sistema não está funcionando. (0x8007001F)
[1012/152802.135:ERROR:minidumpwritedump_with_crashpad_info.cc(661)] Failed to write minidump file
[1012/152802.136:ERROR:crash_report_exception_handler.cc(134)] TryMiniDumpWriteDumpWithCrashpadInfo failed
[1012/152802.156:ERROR:process_info.cc(359)] UncheckedAllocate
[1012/152802.381:ERROR:filesystem_win.cc(129)] GetFileAttributes C:\Users\Leuda\AppData\Local\Microsoft\Edge\User Data\Crashpad\attachments\d1fd65c0-276b-4bfb-8a29-29e1a71eb605: O sistema não pode encontrar o caminho especificado. (0x3)
[1012/162859.598:ERROR:minidumpwritedump_with_crashpad_info.cc(452)] Failed to call MiniDumpWriteDump: O arquivo de paginação é muito pequeno para que esta operação seja concluída. (0x800705AF)
[1012/162859.605:ERROR:minidumpwritedump_with_crashpad_info.cc(661)] Failed to write minidump file
[1012/162859.606:ERROR:crash_report_exception_handler.cc(134)] TryMiniDumpWriteDumpWithCrashpadInfo failed
[1012/162859.658:ERROR:process_info.cc(359)] UncheckedAllocate
[1012/162859.901:ERROR:filesystem_win.cc(129)] GetFileAttributes C:\Users\Leuda\AppData\Local\Microsoft\Edge\User Data\Crashpad\attachments\da5edf0f-6f75-4b9b-acd6-4ab27a8b68d7: O sistema não pode encontrar o caminho especificado. (0x3)
[1012/162918.037:ERROR:filesystem_win.cc(129)] GetFileAttributes C:\Users\Leuda\AppData\Local\Microsoft\Edge\User Data\Crashpad\attachments\a15fba93-df34-45b0-9210-73e2f7e80c66: O sistema não pode encontrar o caminho especificado. (0x3)
[1012/164350.571:ERROR:filesystem_win.cc(129)] GetFileAttributes C:\Users\Leuda\AppData\Local\Microsoft\Edge\User Data\Crashpad\attachments\db1e9b8f-c6da-41d5-9fa6-f65708478751: O sistema não pode encontrar o caminho especificado. (0x3)
[1012/164908.874:ERROR:filesystem_win.cc(129)] GetFileAttributes C:\Users\Leuda\AppData\Local\Microsoft\Edge\User Data\Crashpad\attachments\fdce94f5-6d83-4510-8651-2d2e5f5b1ff3: O sistema não pode encontrar o caminho especificado. (0x3)
[1012/193816.496:ERROR:directory_reader_win.cc(43)] FindFirstFile: O sistema não pode encontrar o caminho especificado. (0x3)
[1012/193816.558:ERROR:filesystem_win.cc(129)] GetFileAttributes C:\Users\Leuda\AppData\Local\Microsoft\Edge\User Data\Crashpad\attachments\d66601bd-e8ca-47bc-94f5-b4aac3b45c5b: O sistema não pode encontrar o caminho especificado. (0x3)
[1012/193816.574:ERROR:filesystem_win.cc(129)] GetFileAttributes C:\Users\Leuda\AppData\Local\Microsoft\Edge\User Data\Crashpad\attachments\b39805eb-b17a-412a-8db4-1d38f6ac7756: O sistema não pode encontrar o caminho especificado. (0x3)
[1012/193816.589:ERROR:filesystem_win.cc(129)] GetFileAttributes C:\Users\Leuda\AppData\Local\Microsoft\Edge\User Data\Crashpad\attachments\4d47a1e8-e546-4e3d-a4d8-f0d275aa440c: O sistema não pode encontrar o caminho especificado. (0x3)
[1012/193816.605:ERROR:filesystem_win.cc(129)] GetFileAttributes C:\Users\Leuda\AppData\Local\Microsoft\Edge\User Data\Crashpad\attachments\3bd0709d-32df-4bfe-ad5e-bcc94d41a4b9: O sistema não pode encontrar o caminho especificado. (0x3)
[1014/085128.403:ERROR:directory_reader_win.cc(43)] FindFirstFile: O sistema não pode encontrar o caminho especificado. (0x3)
[1014/112842.595:ERROR:filesystem_win.cc(129)] GetFileAttributes C:\Users\Leuda\AppData\Local\Microsoft\Edge\User Data\Crashpad\attachments\6ec31d02-1d3b-4dc3-bd4d-d549a15b7203: O sistema não pode encontrar o caminho especificado. (0x3)
[1014/113008.071:ERROR:filesystem_win.cc(129)] GetFileAttributes C:\Users\Leuda\AppData\Local\Microsoft\Edge\User Data\Crashpad\attachments\ce6154da-c68f-45b2-90a8-267c43c1ac8c: O sistema não pode encontrar o caminho especificado. (0x3)
[1014/113035.285:ERROR:filesystem_win.cc(129)] GetFileAttributes C:\Users\Leuda\AppData\Local\Microsoft\Edge\User Data\Crashpad\attachments\a009bdde-4dba-4f0a-958a-4c84b565af51: O sistema não pode encontrar o caminho especificado. (0x3)
[1014/113207.149:ERROR:filesystem_win.cc(129)] GetFileAttributes C:\Users\Leuda\AppData\Local\Microsoft\Edge\User Data\Crashpad\attachments\188541f2-ecc2-4da7-a5d6-da63caf11499: O sistema não pode encontrar o caminho especificado. (0x3)
[1014/121514.019:ERROR:directory_reader_win.cc(43)] FindFirstFile: O sistema não pode encontrar o caminho especificado. (0x3)
[1014/121514.084:ERROR:filesystem_win.cc(129)] GetFileAttributes C:\Users\Leuda\AppData\Local\Microsoft\Edge\User Data\Crashpad\attachments\ec4d2b0d-7330-4712-b401-eecb3927471e: O sistema não pode encontrar o caminho especificado. (0x3)
[1014/121514.110:ERROR:filesystem_win.cc(129)] GetFileAttributes C:\Users\Leuda\AppData\Local\Microsoft\Edge\User Data\Crashpad\attachments\4526138a-a0c3-476c-8a9f-fbe5e19a245c: O sistema não pode encontrar o caminho especificado. (0x3)
[1014/121514.134:ERROR:filesystem_win.cc(129)] GetFileAttributes C:\Users\Leuda\AppData\Local\Microsoft\Edge\User Data\Crashpad\attachments\1faee8b9-de8d-4865-8edb-461341e428b1: O sistema não pode encontrar o caminho especificado. (0x3)
[1014/121514.157:ERROR:filesystem_win.cc(129)] GetFileAttributes C:\Users\Leuda\AppData\Local\Microsoft\Edge\User Data\Crashpad\attachments\5dfc695e-2cf7-4ea1-8065-69a75169351d: O sistema não pode encontrar o caminho especificado. (0x3)
[1014/121514.180:ERROR:filesystem_win.cc(129)] GetFileAttributes C:\Users\Leuda\AppData\Local\Microsoft\Edge\User Data\Crashpad\attachments\befe7224-4677-4fab-bf55-8456a9d10232: O sistema não pode encontrar o caminho especificado. (0x3)
[1014/121514.198:ERROR:filesystem_win.cc(129)] GetFileAttributes C:\Users\Leuda\AppData\Local\Microsoft\Edge\User Data\Crashpad\attachments\f8220180-f701-41e1-a3ad-5de12e907c20: O sistema não pode encontrar o caminho especificado. (0x3)
[1014/121514.217:ERROR:filesystem_win.cc(129)] GetFileAttributes C:\Users\Leuda\AppData\Local\Microsoft\Edge\User Data\Crashpad\attachments\65c52f07-0c2b-4387-84f2-f4c6c3db9738: O sistema não pode encontrar o caminho especificado. (0x3)
[1014/121514.234:ERROR:filesystem_win.cc(129)] GetFileAttributes C:\Users\Leuda\AppData\Local\Microsoft\Edge\User Data\Crashpad\attachments\9632e3c9-94aa-43bd-a59f-83a169038253: O sistema não pode encontrar o caminho especificado. (0x3)
[1014/121514.259:ERROR:filesystem_win.cc(129)] GetFileAttributes C:\Users\Leuda\AppData\Local\Microsoft\Edge\User Data\Crashpad\attachments\2de386e7-acbf-4af7-b400-35ce99f7cee1: O sistema não pode encontrar o caminho especificado. (0x3)
[1014/121514.281:ERROR:filesystem_win.cc(129)] GetFileAttributes C:\Users\Leuda\AppData\Local\Microsoft\Edge\User Data\Crashpad\attachments\48700253-f44e-48ce-90e3-e785b51d167e: O sistema não pode encontrar o caminho especificado. (0x3)
[1014/131732.427:ERROR:filesystem_win.cc(129)] GetFileAttributes C:\Users\Leuda\AppData\Local\Microsoft\Edge\User Data\Crashpad\attachments\7563511f-7bed-4320-9b80-c93fb33ee329: O sistema não pode encontrar o caminho especificado. (0x3)
[1014/145030.188:ERROR:filesystem_win.cc(129)] GetFileAttributes C:\Users\Leuda\AppData\Local\Microsoft\Edge\User Data\Crashpad\attachments\f27f1fd8-1185-414d-815e-d6875da28710: O sistema não pode encontrar o caminho especificado. (0x3)
[1014/153830.801:ERROR:filesystem_win.cc(129)] GetFileAttributes C:\Users\Leuda\AppData\Local\Microsoft\Edge\User Data\Crashpad\attachments\07ffb9c3-a444-4f5b-ba9e-24477ad4927d: O sistema não pode encontrar o caminho especificado. (0x3)
[1014/153830.881:ERROR:directory_reader_win.cc(43)] FindFirstFile: O sistema não pode encontrar o caminho especificado. (0x3)
[1014/153830.975:ERROR:filesystem_win.cc(129)] GetFileAttributes C:\Users\Leuda\AppData\Local\Microsoft\Edge\User Data\Crashpad\attachments\0fe97015-0b63-4134-830d-7ad6dba938e8: O sistema não pode encontrar o caminho especificado. (0x3)
[1014/153831.020:ERROR:filesystem_win.cc(129)] GetFileAttributes C:\Users\Leuda\AppData\Local\Microsoft\Edge\User Data\Crashpad\attachments\62b5040a-d26d-4fee-ad60-6c6f244bc4b8: O sistema não pode encontrar o caminho especificado. (0x3)
[1014/160255.975:ERROR:minidumpwritedump_with_crashpad_info.cc(452)] Failed to call MiniDumpWriteDump: O arquivo de paginação é muito pequeno para que esta operação seja concluída. (0x800705AF)
[1014/160255.977:ERROR:minidumpwritedump_with_crashpad_info.cc(661)] Failed to write minidump file
[1014/160255.978:ERROR:crash_report_exception_handler.cc(134)] TryMiniDumpWriteDumpWithCrashpadInfo failed
[1014/160256.008:ERROR:process_info.cc(359)] UncheckedAllocate
[1014/160256.090:ERROR:process_memory_win.cc(73)] ReadMemory at 0x7ffbd3a17840 of 512 bytes failed: Somente uma parte de um pedido ReadProcessMemory ou WriteProcessMemory foi concluída. (0x12B)
[1014/160256.091:ERROR:process_memory_win.cc(73)] ReadMemory at 0x7ffc15183aa9 of 512 bytes failed: Somente uma parte de um pedido ReadProcessMemory ou WriteProcessMemory foi concluída. (0x12B)
[1014/160256.091:ERROR:process_memory_win.cc(73)] ReadMemory at 0x7ffc174ffb11 of 512 bytes failed: Somente uma parte de um pedido ReadProcessMemory ou WriteProcessMemory foi concluída. (0x12B)
[1014/160256.091:ERROR:process_memory_win.cc(73)] ReadMemory at 0x7ffc1752cdb0 of 512 bytes failed: Somente uma parte de um pedido ReadProcessMemory ou WriteProcessMemory foi concluída. (0x12B)
[1014/160256.091:ERROR:process_memory_win.cc(73)] ReadMemory at 0x7ffc1755f984 of 512 bytes failed: Somente uma parte de um pedido ReadProcessMemory ou WriteProcessMemory foi concluída. (0x12B)
[1014/160256.170:ERROR:filesystem_win.cc(129)] GetFileAttributes C:\Users\Leuda\AppData\Local\Microsoft\Edge\User Data\Crashpad\attachments\4e0bc876-91a8-492d-85fc-cd5684b57fea: O sistema não pode encontrar o caminho especificado. (0x3)
[1014/173629.932:ERROR:directory_reader_win.cc(43)] FindFirstFile: O sistema não pode encontrar o caminho especificado. (0x3)
[1014/182019.542:ERROR:filesystem_win.cc(129)] GetFileAttributes C:\Users\Leuda\AppData\Local\Microsoft\Edge\User Data\Crashpad\attachments\4be28a0e-03a3-43f1-86f5-056b6f4641f9: O sistema não pode encontrar o caminho especificado. (0x3)
[1014/184635.070:ERROR:filesystem_win.cc(129)] GetFileAttributes C:\Users\Leuda\AppData\Local\Microsoft\Edge\User Data\Crashpad\attachments\9a317d11-c8c6-4874-bc7a-0d1e6915ed9a: O sistema não pode encontrar o caminho especificado. (0x3)
[1014/192610.515:ERROR:directory_reader_win.cc(43)] FindFirstFile: O sistema não pode encontrar o caminho especificado. (0x3)
[1014/192610.565:ERROR:filesystem_win.cc(129)] GetFileAttributes C:\Users\Leuda\AppData\Local\Microsoft\Edge\User Data\Crashpad\attachments\780b22f5-e862-4534-8a06-21ddb8769479: O sistema não pode encontrar o caminho especificado. (0x3)
[1014/192610.582:ERROR:filesystem_win.cc(129)] GetFileAttributes C:\Users\Leuda\AppData\Local\Microsoft\Edge\User Data\Crashpad\attachments\eaa287fd-95fc-431b-a89e-361140d77a42: O sistema não pode encontrar o caminho especificado. (0x3)
[1014/201705.654:ERROR:filesystem_win.cc(129)] GetFileAttributes C:\Users\Leuda\AppData\Local\Microsoft\Edge\User Data\Crashpad\attachments\846a647f-fad4-410f-9242-b03f07c356a0: O sistema não pode encontrar o caminho especificado. (0x3)
[1014/204948.886:ERROR:filesystem_win.cc(129)] GetFileAttributes C:\Users\Leuda\AppData\Local\Microsoft\Edge\User Data\Crashpad\attachments\bff3f39c-5458-486c-ba7f-11d5d3251bb1: O sistema não pode encontrar o caminho especificado. (0x3)
[1014/205157.945:ERROR:directory_reader_win.cc(43)] FindFirstFile: O sistema não pode encontrar o caminho especificado. (0x3)
[1014/205157.983:ERROR:filesystem_win.cc(129)] GetFileAttributes C:\Users\Leuda\AppData\Local\Microsoft\Edge\User Data\Crashpad\attachments\c282b392-48ee-44a4-9c2e-866f3810d6a5: O sistema não pode encontrar o caminho especificado. (0x3)
[1014/205158.000:ERROR:filesystem_win.cc(129)] GetFileAttributes C:\Users\Leuda\AppData\Local\Microsoft\Edge\User Data\Crashpad\attachments\d6a5156f-1fa3-41b4-b3f0-7ea7c3a33cd7: O sistema não pode encontrar o caminho especificado. (0x3)
[1014/205158.019:ERROR:filesystem_win.cc(129)] GetFileAttributes C:\Users\Leuda\AppData\Local\Microsoft\Edge\User Data\Crashpad\attachments\af7c04c0-4922-4543-9ee9-5f46a794402a: O sistema não pode encontrar o caminho especificado. (0x3)
[1015/065424.549:ERROR:filesystem_win.cc(129)] GetFileAttributes C:\Users\Leuda\AppData\Local\Microsoft\Edge\User Data\Crashpad\attachments\582466d6-0b39-4a73-9b93-18ba1e67222a: O sistema não pode encontrar o caminho especificado. (0x3)
[1015/065603.699:ERROR:directory_reader_win.cc(43)] FindFirstFile: O sistema não pode encontrar o caminho especificado. (0x3)
